<?xml version="1.0" encoding="UTF-8"?>
<!-- Generated by org.testng.reporters.JUnitXMLReporter -->
<testsuite ignored="0" hostname="DESKTOP-VTK6SV9" failures="0" tests="1" name="Test in firefox" time="0.038" errors="0" timestamp="2021-04-09T04:12:44 IST">
  <testcase classname="Pages.Loginpageexcel" name="@BeforeTest TestSetup" time="0.026">
    <failure type="java.lang.IllegalStateException" message="The driver executable does not exist: E:\seleniumFiles\selenium_workspace\hackthon03\&amp;quot;E:\seleniumFiles\Drivers">
      <![CDATA[java.lang.IllegalStateException: The driver executable does not exist: E:\seleniumFiles\selenium_workspace\hackthon03\"E:\seleniumFiles\Drivers
at com.google.common.base.Preconditions.checkState(Preconditions.java:585)
at org.openqa.selenium.remote.service.DriverService.checkExecutable(DriverService.java:137)
at org.openqa.selenium.remote.service.DriverService.findExecutable(DriverService.java:132)
at org.openqa.selenium.firefox.GeckoDriverService.access$100(GeckoDriverService.java:43)
at org.openqa.selenium.firefox.GeckoDriverService$Builder.findDefaultExecutable(GeckoDriverService.java:168)
at org.openqa.selenium.remote.service.DriverService$Builder.build(DriverService.java:346)
at org.openqa.selenium.firefox.FirefoxDriver.toExecutor(FirefoxDriver.java:168)
at org.openqa.selenium.firefox.FirefoxDriver.<init>(FirefoxDriver.java:125)
at org.openqa.selenium.firefox.FirefoxDriver.<init>(FirefoxDriver.java:103)
at Pages.Loginpageexcel.TestSetup(Loginpageexcel.java:42)
... Removed 24 stack frames]]>
    </failure>
  </testcase> <!-- @BeforeTest TestSetup -->
  <testcase classname="Pages.Loginpageexcel" name="datadrivernlogin" time="0.0">
    <skipped/>
  </testcase> <!-- datadrivernlogin -->
</testsuite> <!-- Test in firefox -->
